<?xml version="1.0" encoding="UTF-8"?>
<!-- Generated by org.testng.reporters.JUnitReportReporter -->
<testsuite hostname="danillo" failures="0" tests="5" name="CalculadoraTest" time="2.124" errors="1" timestamp="2025-10-01T23:02:21 BRT" skipped="4">
  <testcase classname="CalculadoraTest" name="setUp" time="2.124">
    <error message="Could not start a new session. Response code 400. Message: No browserName or app specified in session request. Please check our platforms configurator (https://wiki.saucelabs.com/display/DOCS/Platform+Configurator): {&#039;sauce:options&#039;: {&#039;username&#039;: &#039;oauth-danillo-75a98&#039;, &#039;name&#039;: &#039;Testes de Soma com Page Objects e CSV&#039;, &#039;app&#039;: &#039;storage:filename=Calculator_8.4 (503542421)_Apkpure.apk&#039;, &#039;appiumVersion&#039;: &#039;1.22.2&#039;, &#039;deviceOrientation&#039;: &#039;portrait&#039;, &#039;accessKey&#039;: &#039;XXXXXXXX-XXXX-XXXX-XXXX-XXXX262151c7&#039;, &#039;build&#039;: &#039;Calculadora Google - Teste Mobile v1.0&#039;}, &#039;appium:deviceName&#039;: &#039;Google Pixel 3 GoogleAPI Emulator&#039;, &#039;appium:automationName&#039;: &#039;UiAutomator2&#039;, &#039;platformName&#039;: &#039;ANDROID&#039;, &#039;appium:platformVersion&#039;: &#039;9.0&#039;} 
Host info: host: &#039;danillo&#039;, ip: &#039;192.168.15.23&#039;
Build info: version: &#039;4.13.0&#039;, revision: &#039;ba948ece5b*&#039;
System info: os.name: &#039;Linux&#039;, os.arch: &#039;amd64&#039;, os.version: &#039;6.14.0-33-generic&#039;, java.version: &#039;17.0.9&#039;
Driver info: io.appium.java_client.android.AndroidDriver
Command: [null, newSession {capabilities=[{appium:automationName=UiAutomator2, appium:deviceName=Google Pixel 3 GoogleAPI Emulator, appium:platformVersion=9.0, platformName=ANDROID, sauce:options={app=storage:filename=Calculator_8.4 (503542421)_Apkpure.apk, accessKey=49d13ae3-a890-47ed-813b-6ab9262151c7, build=Calculadora Google - Teste Mobile v1.0, appiumVersion=1.22.2, name=Testes de Soma com Page Objects e CSV, deviceOrientation=portrait, username=oauth-danillo-75a98}}], desiredCapabilities=Capabilities {appium:automationName: UiAutomator2, appium:deviceName: Google Pixel 3 GoogleAPI Em..., appium:platformVersion: 9.0, platformName: ANDROID, sauce:options: {accessKey: 49d13ae3-a890-47ed-813b-6ab..., app: storage:filename=Calculator..., appiumVersion: 1.22.2, build: Calculadora Google - Teste ..., deviceOrientation: portrait, name: Testes de Soma com Page Obj..., username: oauth-danillo-75a98}}}]
Capabilities {appium:automationName: UiAutomator2, appium:deviceName: Google Pixel 3 GoogleAPI Em..., appium:platformVersion: 9.0, platformName: ANDROID, sauce:options: {accessKey: 49d13ae3-a890-47ed-813b-6ab..., app: storage:filename=Calculator..., appiumVersion: 1.22.2, build: Calculadora Google - Teste ..., deviceOrientation: portrait, name: Testes de Soma com Page Obj..., username: oauth-danillo-75a98}}" type="org.openqa.selenium.SessionNotCreatedException">
      <![CDATA[org.openqa.selenium.SessionNotCreatedException: Could not start a new session. Response code 400. Message: No browserName or app specified in session request. Please check our platforms configurator (https://wiki.saucelabs.com/display/DOCS/Platform+Configurator): {'sauce:options': {'username': 'oauth-danillo-75a98', 'name': 'Testes de Soma com Page Objects e CSV', 'app': 'storage:filename=Calculator_8.4 (503542421)_Apkpure.apk', 'appiumVersion': '1.22.2', 'deviceOrientation': 'portrait', 'accessKey': 'XXXXXXXX-XXXX-XXXX-XXXX-XXXX262151c7', 'build': 'Calculadora Google - Teste Mobile v1.0'}, 'appium:deviceName': 'Google Pixel 3 GoogleAPI Emulator', 'appium:automationName': 'UiAutomator2', 'platformName': 'ANDROID', 'appium:platformVersion': '9.0'} 
Host info: host: 'danillo', ip: '192.168.15.23'
Build info: version: '4.13.0', revision: 'ba948ece5b*'
System info: os.name: 'Linux', os.arch: 'amd64', os.version: '6.14.0-33-generic', java.version: '17.0.9'
Driver info: io.appium.java_client.android.AndroidDriver
Command: [null, newSession {capabilities=[{appium:automationName=UiAutomator2, appium:deviceName=Google Pixel 3 GoogleAPI Emulator, appium:platformVersion=9.0, platformName=ANDROID, sauce:options={app=storage:filename=Calculator_8.4 (503542421)_Apkpure.apk, accessKey=49d13ae3-a890-47ed-813b-6ab9262151c7, build=Calculadora Google - Teste Mobile v1.0, appiumVersion=1.22.2, name=Testes de Soma com Page Objects e CSV, deviceOrientation=portrait, username=oauth-danillo-75a98}}], desiredCapabilities=Capabilities {appium:automationName: UiAutomator2, appium:deviceName: Google Pixel 3 GoogleAPI Em..., appium:platformVersion: 9.0, platformName: ANDROID, sauce:options: {accessKey: 49d13ae3-a890-47ed-813b-6ab..., app: storage:filename=Calculator..., appiumVersion: 1.22.2, build: Calculadora Google - Teste ..., deviceOrientation: portrait, name: Testes de Soma com Page Obj..., username: oauth-danillo-75a98}}}]
Capabilities {appium:automationName: UiAutomator2, appium:deviceName: Google Pixel 3 GoogleAPI Em..., appium:platformVersion: 9.0, platformName: ANDROID, sauce:options: {accessKey: 49d13ae3-a890-47ed-813b-6ab..., app: storage:filename=Calculator..., appiumVersion: 1.22.2, build: Calculadora Google - Teste ..., deviceOrientation: portrait, name: Testes de Soma com Page Obj..., username: oauth-danillo-75a98}}
at org.openqa.selenium.remote.ProtocolHandshake.createSession(ProtocolHandshake.java:140)
at java.base/jdk.internal.reflect.NativeMethodAccessorImpl.invoke0(Native Method)
at java.base/jdk.internal.reflect.NativeMethodAccessorImpl.invoke(NativeMethodAccessorImpl.java:77)
at java.base/jdk.internal.reflect.DelegatingMethodAccessorImpl.invoke(DelegatingMethodAccessorImpl.java:43)
at java.base/java.lang.reflect.Method.invoke(Method.java:568)
at io.appium.java_client.remote.AppiumProtocolHandshake.createSession(AppiumProtocolHandshake.java:133)
at io.appium.java_client.remote.AppiumProtocolHandshake.createSession(AppiumProtocolHandshake.java:102)
at io.appium.java_client.remote.AppiumCommandExecutor.createSession(AppiumCommandExecutor.java:182)
at io.appium.java_client.remote.AppiumCommandExecutor.execute(AppiumCommandExecutor.java:250)
at org.openqa.selenium.remote.RemoteWebDriver.execute(RemoteWebDriver.java:602)
at io.appium.java_client.AppiumDriver.startSession(AppiumDriver.java:274)
at org.openqa.selenium.remote.RemoteWebDriver.<init>(RemoteWebDriver.java:163)
at io.appium.java_client.AppiumDriver.<init>(AppiumDriver.java:89)
at io.appium.java_client.AppiumDriver.<init>(AppiumDriver.java:101)
at io.appium.java_client.android.AndroidDriver.<init>(AndroidDriver.java:113)
at base.BaseTest.setUp(BaseTest.java:38)
at java.base/jdk.internal.reflect.NativeMethodAccessorImpl.invoke0(Native Method)
at java.base/jdk.internal.reflect.NativeMethodAccessorImpl.invoke(NativeMethodAccessorImpl.java:77)
at java.base/jdk.internal.reflect.DelegatingMethodAccessorImpl.invoke(DelegatingMethodAccessorImpl.java:43)
at java.base/java.lang.reflect.Method.invoke(Method.java:568)
at org.testng.internal.invokers.MethodInvocationHelper.invokeMethod(MethodInvocationHelper.java:139)
at org.testng.internal.invokers.MethodInvocationHelper.invokeMethodConsideringTimeout(MethodInvocationHelper.java:69)
at org.testng.internal.invokers.ConfigInvoker.invokeConfigurationMethod(ConfigInvoker.java:390)
at org.testng.internal.invokers.ConfigInvoker.invokeConfigurations(ConfigInvoker.java:325)
at org.testng.internal.invokers.TestInvoker.runConfigMethods(TestInvoker.java:810)
at org.testng.internal.invokers.TestInvoker.invokeMethod(TestInvoker.java:577)
at org.testng.internal.invokers.TestInvoker.invokeTestMethod(TestInvoker.java:227)
at org.testng.internal.invokers.MethodRunner.runInSequence(MethodRunner.java:50)
at org.testng.internal.invokers.TestInvoker$MethodInvocationAgent.invoke(TestInvoker.java:957)
at org.testng.internal.invokers.TestInvoker.invokeTestMethods(TestInvoker.java:200)
at org.testng.internal.invokers.TestMethodWorker.invokeTestMethods(TestMethodWorker.java:148)
at org.testng.internal.invokers.TestMethodWorker.run(TestMethodWorker.java:128)
at java.base/java.util.ArrayList.forEach(ArrayList.java:1511)
at org.testng.TestRunner.privateRun(TestRunner.java:848)
at org.testng.TestRunner.run(TestRunner.java:621)
at org.testng.SuiteRunner.runTest(SuiteRunner.java:443)
at org.testng.SuiteRunner.runSequentially(SuiteRunner.java:437)
at org.testng.SuiteRunner.privateRun(SuiteRunner.java:397)
at org.testng.SuiteRunner.run(SuiteRunner.java:336)
at org.testng.SuiteRunnerWorker.runSuite(SuiteRunnerWorker.java:52)
at org.testng.SuiteRunnerWorker.run(SuiteRunnerWorker.java:95)
at org.testng.TestNG.runSuitesSequentially(TestNG.java:1280)
at org.testng.TestNG.runSuitesLocally(TestNG.java:1200)
at org.testng.TestNG.runSuites(TestNG.java:1114)
at org.testng.TestNG.run(TestNG.java:1082)
at org.apache.maven.surefire.testng.TestNGExecutor.run(TestNGExecutor.java:151)
at org.apache.maven.surefire.testng.TestNGDirectoryTestSuite.executeMulti(TestNGDirectoryTestSuite.java:192)
at org.apache.maven.surefire.testng.TestNGDirectoryTestSuite.execute(TestNGDirectoryTestSuite.java:93)
at org.apache.maven.surefire.testng.TestNGProvider.invoke(TestNGProvider.java:155)
at org.apache.maven.surefire.booter.ForkedBooter.runSuitesInProcess(ForkedBooter.java:456)
at org.apache.maven.surefire.booter.ForkedBooter.execute(ForkedBooter.java:169)
at org.apache.maven.surefire.booter.ForkedBooter.run(ForkedBooter.java:595)
at org.apache.maven.surefire.booter.ForkedBooter.main(ForkedBooter.java:581)
]]>
    </error>
  </testcase> <!-- setUp -->
  <testcase classname="CalculadoraTest" name="testeSomaSimples" time="0.000">
    <skipped/>
  </testcase> <!-- testeSomaSimples -->
  <testcase classname="CalculadoraTest" name="testeSomaComPageObjectsECSV" time="0.000">
    <skipped/>
  </testcase> <!-- testeSomaComPageObjectsECSV -->
  <testcase classname="CalculadoraTest" name="testeSomaComPageObjectsECSV" time="0.000">
    <skipped/>
  </testcase> <!-- testeSomaComPageObjectsECSV -->
  <testcase classname="CalculadoraTest" name="testeSomaComPageObjectsECSV" time="0.000">
    <skipped/>
  </testcase> <!-- testeSomaComPageObjectsECSV -->
</testsuite> <!-- CalculadoraTest -->
